Config:
{'lr': 0.001, 'data_dir': 'processed_data', 'diffnet': 'TransformerConcatLinear', 'encoder_dim': 256, 'tf_layer': 3, 'epochs': 90, 'batch_size': 256, 'eval_batch_size': 256, 'k_eval': 25, 'seed': 123, 'eval_every': 1, 'eval_at': 70, 'eval_mode': False, 'conf': 'None', 'debug': False, 'preprocess_workers': 0, 'offline_scene_graph': True, 'dynamic_edges': True, 'edge_state_combine_method': 'sum', 'edge_influence_combine_method': 'attention', 'edge_addition_filter': [0.25, 0.5, 0.75, 1.0], 'edge_removal_filter': [1.0, 0.0], 'override_attention_radius': [], 'incl_robot_node': False, 'map_encoding': False, 'augment': True, 'node_freq_mult_train': False, 'node_freq_mult_eval': False, 'scene_freq_mult_train': False, 'scene_freq_mult_eval': False, 'scene_freq_mult_viz': False, 'no_edge_encoding': False, 'device': 'cuda:1', 'eval_device': 'None', 'config': 'configs/baseline.yaml', 'dataset': 'eth', 'exp_name': 'baseline1'}


Eval on:
eth


Best of 20: Epoch 1 ADE: 0.5611555805541701 FDE: 0.8925100027983245
Best of 20: Epoch 2 ADE: 0.4842765192737266 FDE: 0.8038788955323213
Best of 20: Epoch 3 ADE: 0.44344621952491375 FDE: 0.683699758913165
Best of 20: Epoch 4 ADE: 0.4612656414228119 FDE: 0.8047789606534619
Best of 20: Epoch 5 ADE: 0.43539071017776676 FDE: 0.7359431191600306
Best of 20: Epoch 6 ADE: 0.45381864588492704 FDE: 0.7653864606675118
Best of 20: Epoch 7 ADE: 0.4731408415171426 FDE: 0.8144202602546022
Best of 20: Epoch 8 ADE: 0.5710127653705089 FDE: 1.124314534808698
Best of 20: Epoch 9 ADE: 0.4779934842271849 FDE: 0.8611713299955994
Best of 20: Epoch 10 ADE: 0.45294539054905214 FDE: 0.8016681414338658
Best of 20: Epoch 11 ADE: 0.46863569590081183 FDE: 0.9270921369853286
Best of 20: Epoch 12 ADE: 0.4421659119322764 FDE: 0.8095970322344216
Best of 20: Epoch 13 ADE: 0.4695244894508979 FDE: 0.885473008668611
Best of 20: Epoch 14 ADE: 0.4386503615839579 FDE: 0.8009344123297223
Best of 20: Epoch 15 ADE: 0.43669628889120193 FDE: 0.783166409639464
Best of 20: Epoch 16 ADE: 0.4541596828479693 FDE: 0.8565106460242358
Best of 20: Epoch 17 ADE: 0.4687566324615105 FDE: 0.9024180380774166
Best of 20: Epoch 18 ADE: 0.4621791400735919 FDE: 0.8486454000280216
Best of 20: Epoch 19 ADE: 0.4630213177177555 FDE: 0.8226734032922001
Best of 20: Epoch 20 ADE: 0.4320161649678741 FDE: 0.7748515908531106
Best of 20: Epoch 21 ADE: 0.42428973196590253 FDE: 0.798020078687669
Best of 20: Epoch 22 ADE: 0.4573806650683819 FDE: 0.8593211301397358
Best of 20: Epoch 23 ADE: 0.4550674300730398 FDE: 0.8624755617519219
Best of 20: Epoch 24 ADE: 0.4567774570362158 FDE: 0.8487836857059782
Best of 20: Epoch 25 ADE: 0.4773951406156482 FDE: 0.9208715978128679
Best of 20: Epoch 26 ADE: 0.468074393730387 FDE: 0.8667198110253659
Best of 20: Epoch 27 ADE: 0.40975765237547057 FDE: 0.7262295298990267
Best of 20: Epoch 28 ADE: 0.46738291121091735 FDE: 0.8709996572901113
Best of 20: Epoch 29 ADE: 0.41852625938376103 FDE: 0.7355873316937279
Best of 20: Epoch 30 ADE: 0.459043991289826 FDE: 0.8568677759813919
Best of 20: Epoch 31 ADE: 0.4379938801512914 FDE: 0.8005113521762612
Best of 20: Epoch 32 ADE: 0.4364940473450272 FDE: 0.8084479993033329
Best of 20: Epoch 33 ADE: 0.4545352244438458 FDE: 0.811667088514418
Best of 20: Epoch 34 ADE: 0.4521832952461888 FDE: 0.8626334139880603
Best of 20: Epoch 35 ADE: 0.4748959597631757 FDE: 0.925783467461153
Best of 20: Epoch 36 ADE: 0.4556429135410617 FDE: 0.8478486641302077
Best of 20: Epoch 37 ADE: 0.44687335752677804 FDE: 0.7955419057811628
Best of 20: Epoch 38 ADE: 0.4672375327814679 FDE: 0.8984033920473132
Best of 20: Epoch 39 ADE: 0.44163181254889355 FDE: 0.8010581242361273
Best of 20: Epoch 40 ADE: 0.48956092070423474 FDE: 0.9676233780285769
Best of 20: Epoch 41 ADE: 0.43164328826364 FDE: 0.7270430341617505
Best of 20: Epoch 42 ADE: 0.43564992453809376 FDE: 0.8022854564932812
Best of 20: Epoch 43 ADE: 0.47377407943935634 FDE: 0.9159842248514493
Best of 20: Epoch 44 ADE: 0.4270483704105029 FDE: 0.7411372425285622
Best of 20: Epoch 45 ADE: 0.47012762265396063 FDE: 0.9352703878973451
Best of 20: Epoch 46 ADE: 0.4500794556604776 FDE: 0.8402057614627638
Best of 20: Epoch 47 ADE: 0.44984643056542634 FDE: 0.7902700724732316
Best of 20: Epoch 48 ADE: 0.43828340679472555 FDE: 0.8320870463160589
Best of 20: Epoch 49 ADE: 0.44372890105950175 FDE: 0.8171023821606931
Best of 20: Epoch 50 ADE: 0.4748256969783237 FDE: 0.9134429472462441
Best of 20: Epoch 51 ADE: 0.4433116591540711 FDE: 0.8242455813244736
Best of 20: Epoch 52 ADE: 0.4325264833246611 FDE: 0.7789004600404476
Best of 20: Epoch 53 ADE: 0.4719432494428535 FDE: 0.9256483118048453
Best of 20: Epoch 54 ADE: 0.468634411245864 FDE: 0.8719032803327735
Best of 20: Epoch 55 ADE: 0.4253221433359377 FDE: 0.7628483277164526
Best of 20: Epoch 56 ADE: 0.44778481463254244 FDE: 0.8383046516054476
Best of 20: Epoch 57 ADE: 0.44852249723665205 FDE: 0.8202880653852002
Best of 20: Epoch 58 ADE: 0.48930254399244305 FDE: 0.9451275719041551
Best of 20: Epoch 59 ADE: 0.4798846704151072 FDE: 0.9179384091935021
Best of 20: Epoch 60 ADE: 0.45796279055055206 FDE: 0.8413115527967182
Best of 20: Epoch 61 ADE: 0.4554342549396398 FDE: 0.873436274732075
Best of 20: Epoch 62 ADE: 0.391972493720889 FDE: 0.6569542042677099###
Best of 20: Epoch 63 ADE: 0.42196253660028865 FDE: 0.7735719411679679
Best of 20: Epoch 64 ADE: 0.43322943807177716 FDE: 0.7978186046925899
Best of 20: Epoch 65 ADE: 0.41597491801488745 FDE: 0.7010324438580493
Best of 20: Epoch 66 ADE: 0.41594400093419015 FDE: 0.7457430200001325
Best of 20: Epoch 67 ADE: 0.4181485327025702 FDE: 0.7250153513219205
Best of 20: Epoch 68 ADE: 0.4283423685279511 FDE: 0.7943237096268287
Best of 20: Epoch 69 ADE: 0.43075046737246214 FDE: 0.7730139447941187
Best of 20: Epoch 70 ADE: 0.44067788251054074 FDE: 0.7866031338082187
Best of 20: Epoch 71 ADE: 0.47729514916460153 FDE: 0.898476427064318
Best of 20: Epoch 72 ADE: 0.4899456898408996 FDE: 0.94597924637294
Best of 20: Epoch 73 ADE: 0.4186881849068002 FDE: 0.7610188514075332
Best of 20: Epoch 74 ADE: 0.4488589283672771 FDE: 0.8313563117022746
Best of 20: Epoch 75 ADE: 0.42125205602656 FDE: 0.7641509279732067
Best of 20: Epoch 76 ADE: 0.4528203214109709 FDE: 0.8621240506297128
Best of 20: Epoch 77 ADE: 0.4242012529920291 FDE: 0.7742693927912133
Best of 20: Epoch 78 ADE: 0.4276109702334167 FDE: 0.7628509218536716
Best of 20: Epoch 79 ADE: 0.4569900194293598 FDE: 0.8931581114032435
Best of 20: Epoch 80 ADE: 0.4553883588983605 FDE: 0.8805621040442208
Best of 20: Epoch 81 ADE: 0.45399747242917005 FDE: 0.835590655773365
Best of 20: Epoch 82 ADE: 0.42963473445151207 FDE: 0.7857091934366087
Best of 20: Epoch 83 ADE: 0.4501825340736333 FDE: 0.8266120149293114
Best of 20: Epoch 84 ADE: 0.4473193204218682 FDE: 0.8431372255496422
Best of 20: Epoch 85 ADE: 0.4352510599222472 FDE: 0.8243664445109604
Best of 20: Epoch 86 ADE: 0.4271566746824949 FDE: 0.7345598369767131
Best of 20: Epoch 87 ADE: 0.4796227254513566 FDE: 0.9447875429353225
Best of 20: Epoch 88 ADE: 0.439876197459195 FDE: 0.8067352013534115
Best of 20: Epoch 89 ADE: 0.4374841118899814 FDE: 0.8018687566344603
Best of 20: Epoch 90 ADE: 0.43061555281700414 FDE: 0.7785605328407699
