Config:
{'lr': 0.0005, 'data_dir': 'processed_data', 'diffnet': 'TransformerConcatLinear', 'encoder_dim': 256, 'tf_layer': 3, 'epochs': 90, 'batch_size': 256, 'eval_batch_size': 256, 'k_eval': 25, 'seed': 123, 'eval_every': 1, 'eval_at': 70, 'eval_mode': False, 'conf': 'None', 'debug': False, 'preprocess_workers': 0, 'offline_scene_graph': True, 'dynamic_edges': True, 'edge_state_combine_method': 'sum', 'edge_influence_combine_method': 'attention', 'edge_addition_filter': [0.25, 0.5, 0.75, 1.0], 'edge_removal_filter': [1.0, 0.0], 'override_attention_radius': [], 'incl_robot_node': False, 'map_encoding': False, 'augment': True, 'node_freq_mult_train': False, 'node_freq_mult_eval': False, 'scene_freq_mult_train': False, 'scene_freq_mult_eval': False, 'scene_freq_mult_viz': False, 'no_edge_encoding': False, 'device': 'cuda:1', 'eval_device': 'None', 'config': 'configs/baseline.yaml', 'exp_name': 'baseline', 'dataset': 'hotel'}


Eval on:
hotel


Best of 20: Epoch 1 ADE: 0.2679167460185716 FDE: 0.39984303773011287
Best of 20: Epoch 2 ADE: 0.21660100303370328 FDE: 0.3697229796282811
Best of 20: Epoch 3 ADE: 0.1996318883815541 FDE: 0.3145723566136743
Best of 20: Epoch 4 ADE: 0.2556973334465227 FDE: 0.4356334430722745
Best of 20: Epoch 5 ADE: 0.18259114192962922 FDE: 0.2896883540155208
Best of 20: Epoch 6 ADE: 0.1499286127729462 FDE: 0.24979021359807818
Best of 20: Epoch 7 ADE: 0.22067804648311573 FDE: 0.3664986526990996
Best of 20: Epoch 8 ADE: 0.20783597837747173 FDE: 0.391767252685511
Best of 20: Epoch 9 ADE: 0.1695080863456469 FDE: 0.2845462572894073
Best of 20: Epoch 10 ADE: 0.1796528093227817 FDE: 0.30340555132726094
Best of 20: Epoch 11 ADE: 0.16071831052782634 FDE: 0.2691468127788388
Best of 20: Epoch 12 ADE: 0.16707735658257655 FDE: 0.27282451445916933
Best of 20: Epoch 13 ADE: 0.15393324042777803 FDE: 0.2571920704035085
Best of 20: Epoch 14 ADE: 0.16354644752050362 FDE: 0.2835084050431404
Best of 20: Epoch 15 ADE: 0.17182961751556458 FDE: 0.2883162204885002
Best of 20: Epoch 16 ADE: 0.17228296372766377 FDE: 0.3180047841976985
Best of 20: Epoch 17 ADE: 0.16578033461315606 FDE: 0.2905807569333442
Best of 20: Epoch 18 ADE: 0.15245198022922005 FDE: 0.2510443936738953
Best of 20: Epoch 19 ADE: 0.15766047842428713 FDE: 0.28106166492335444
Best of 20: Epoch 20 ADE: 0.23242018369724537 FDE: 0.4027605021478851
Best of 20: Epoch 21 ADE: 0.17275542860393053 FDE: 0.317674373206566
Best of 20: Epoch 22 ADE: 0.1771080981195812 FDE: 0.31046510750604434
Best of 20: Epoch 23 ADE: 0.14851540508857483 FDE: 0.2558661802498325
Best of 20: Epoch 24 ADE: 0.1577029999314629 FDE: 0.25817536099647237
Best of 20: Epoch 25 ADE: 0.14641195960485195 FDE: 0.23946015917342295
Best of 20: Epoch 26 ADE: 0.17622307244935365 FDE: 0.28745367670472577
Best of 20: Epoch 27 ADE: 0.16313165966002113 FDE: 0.2843816535269348
Best of 20: Epoch 28 ADE: 0.1500587728844764 FDE: 0.2518997985341746
Best of 20: Epoch 29 ADE: 0.15127197043711438 FDE: 0.2457655611753457
Best of 20: Epoch 30 ADE: 0.14711592549621652 FDE: 0.23882656569992777
Best of 20: Epoch 31 ADE: 0.1417801152012418 FDE: 0.22745234272593956
Best of 20: Epoch 32 ADE: 0.16946091154797568 FDE: 0.26312127633690224
Best of 20: Epoch 33 ADE: 0.15264791092876404 FDE: 0.26115542969489247
Best of 20: Epoch 34 ADE: 0.15333078069623748 FDE: 0.2581432873805655
Best of 20: Epoch 35 ADE: 0.15937400067006488 FDE: 0.26847526724962845
Best of 20: Epoch 36 ADE: 0.17064950377204663 FDE: 0.29758678364014546
Best of 20: Epoch 37 ADE: 0.14852616641772237 FDE: 0.2329773544280262
Best of 20: Epoch 38 ADE: 0.17398815048790398 FDE: 0.29590855429215374
Best of 20: Epoch 39 ADE: 0.1545180968747522 FDE: 0.2502002757092822
Best of 20: Epoch 40 ADE: 0.15148942125488274 FDE: 0.2511171584374801
Best of 20: Epoch 41 ADE: 0.1616801482301394 FDE: 0.2783905842253788
Best of 20: Epoch 42 ADE: 0.16909433963163503 FDE: 0.28192954132699605
Best of 20: Epoch 43 ADE: 0.19385302463127138 FDE: 0.32299262390920735
Best of 20: Epoch 44 ADE: 0.1538043059241285 FDE: 0.25284639561426514
Best of 20: Epoch 45 ADE: 0.16583108124408497 FDE: 0.28326150506287956
Best of 20: Epoch 46 ADE: 0.15870619475831696 FDE: 0.2659800543190455
Best of 20: Epoch 47 ADE: 0.16456673422418627 FDE: 0.26060280452142026
Best of 20: Epoch 48 ADE: 0.16367018396110194 FDE: 0.2779061273379801
Best of 20: Epoch 49 ADE: 0.15906925474821892 FDE: 0.2689529549939745
Best of 20: Epoch 50 ADE: 0.14567145777967266 FDE: 0.23832049771053163
Best of 20: Epoch 51 ADE: 0.16080938542147719 FDE: 0.2723214771201904
Best of 20: Epoch 52 ADE: 0.14732148775344334 FDE: 0.25018909594004907
Best of 20: Epoch 53 ADE: 0.14677343226699205 FDE: 0.23938286198488956
Best of 20: Epoch 54 ADE: 0.15984743869438126 FDE: 0.2703797613658656
Best of 20: Epoch 55 ADE: 0.16338003341183854 FDE: 0.25675812329371983
Best of 20: Epoch 56 ADE: 0.15171523467895573 FDE: 0.2504396758236511
Best of 20: Epoch 57 ADE: 0.15501756279436546 FDE: 0.26340676151302217
Best of 20: Epoch 58 ADE: 0.1486743312260247 FDE: 0.2540975863443032
Best of 20: Epoch 59 ADE: 0.16383983008208125 FDE: 0.28224274697000257
Best of 20: Epoch 60 ADE: 0.1449605756961877 FDE: 0.24447278218266244
Best of 20: Epoch 61 ADE: 0.15262825934552274 FDE: 0.23861282328495903
Best of 20: Epoch 62 ADE: 0.16734670419145725 FDE: 0.282330410840776
Best of 20: Epoch 63 ADE: 0.15405359582123146 FDE: 0.2528843758451552
Best of 20: Epoch 64 ADE: 0.1496702359595203 FDE: 0.2545035015888665
Best of 20: Epoch 65 ADE: 0.14994823452954872 FDE: 0.2512971566215825
Best of 20: Epoch 66 ADE: 0.16415049435368093 FDE: 0.2655564155672011
Best of 20: Epoch 67 ADE: 0.16442230891840462 FDE: 0.28959987825068806
Best of 20: Epoch 68 ADE: 0.17120713254809825 FDE: 0.3060547163775023
Best of 20: Epoch 69 ADE: 0.1625373381283217 FDE: 0.27456181776259986
Best of 20: Epoch 70 ADE: 0.1496004630222567 FDE: 0.24285628325018402
Best of 20: Epoch 71 ADE: 0.14410023585669723 FDE: 0.23162728602076024
Best of 20: Epoch 72 ADE: 0.15012101862834606 FDE: 0.2422891120418784
Best of 20: Epoch 73 ADE: 0.14022537136491503 FDE: 0.22066274939427794###
Best of 20: Epoch 74 ADE: 0.1477306432368107 FDE: 0.2380521940778089
Best of 20: Epoch 75 ADE: 0.16366187366331175 FDE: 0.262786196782484
Best of 20: Epoch 76 ADE: 0.14811781759077364 FDE: 0.2547103495079822
Best of 20: Epoch 77 ADE: 0.16134290905883905 FDE: 0.2690907949329195
Best of 20: Epoch 78 ADE: 0.156217857735884 FDE: 0.2744331362825091
Best of 20: Epoch 79 ADE: 0.16164604296798038 FDE: 0.2712728480663249
Best of 20: Epoch 80 ADE: 0.14920225762517425 FDE: 0.2419464706394725
Best of 20: Epoch 81 ADE: 0.14132067884380287 FDE: 0.23703480917083378
Best of 20: Epoch 82 ADE: 0.16302205333519582 FDE: 0.2718596723871914
Best of 20: Epoch 83 ADE: 0.16931723215124614 FDE: 0.28973724966944325
Best of 20: Epoch 84 ADE: 0.1569492330939713 FDE: 0.2753736927084384
Best of 20: Epoch 85 ADE: 0.14104731588603722 FDE: 0.22573748447554126
Best of 20: Epoch 86 ADE: 0.14690840542522735 FDE: 0.24686139823547879
Best of 20: Epoch 87 ADE: 0.14376959742307177 FDE: 0.23409656177406202
Best of 20: Epoch 88 ADE: 0.14935798325349536 FDE: 0.24813741025236138
Best of 20: Epoch 89 ADE: 0.15604824074696563 FDE: 0.2635611721703166
Best of 20: Epoch 90 ADE: 0.1586051456130272 FDE: 0.2614158759452474
