Config:
{'lr': 0.001, 'data_dir': 'processed_data', 'diffnet': 'TransformerConcatLinear', 'encoder_dim': 256, 'tf_layer': 3, 'epochs': 90, 'batch_size': 256, 'eval_batch_size': 256, 'k_eval': 25, 'seed': 123, 'eval_every': 1, 'eval_at': 70, 'eval_mode': False, 'conf': 'None', 'debug': False, 'preprocess_workers': 0, 'offline_scene_graph': True, 'dynamic_edges': True, 'edge_state_combine_method': 'sum', 'edge_influence_combine_method': 'attention', 'edge_addition_filter': [0.25, 0.5, 0.75, 1.0], 'edge_removal_filter': [1.0, 0.0], 'override_attention_radius': [], 'incl_robot_node': False, 'map_encoding': False, 'augment': True, 'node_freq_mult_train': False, 'node_freq_mult_eval': False, 'scene_freq_mult_train': False, 'scene_freq_mult_eval': False, 'scene_freq_mult_viz': False, 'no_edge_encoding': False, 'device': 'cuda:1', 'eval_device': 'None', 'config': 'configs/baseline.yaml', 'dataset': 'univ', 'exp_name': 'baseline2'}


Eval on:
univ


Best of 20: Epoch 1 ADE: 0.4065970982455399 FDE: 0.7304350512615307
Best of 20: Epoch 2 ADE: 0.5380591544494644 FDE: 0.9809184141560368
Best of 20: Epoch 3 ADE: 0.34272501616042994 FDE: 0.622201048564783
Best of 20: Epoch 4 ADE: 0.2864382355426414 FDE: 0.5316797292571043
Best of 20: Epoch 5 ADE: 0.28091134387321504 FDE: 0.5147551881535153
Best of 20: Epoch 6 ADE: 0.2790701546758663 FDE: 0.5496669410108104
Best of 20: Epoch 7 ADE: 0.2546425607971328 FDE: 0.47375400455339106
Best of 20: Epoch 8 ADE: 0.2704469360053481 FDE: 0.5405255738422455
Best of 20: Epoch 9 ADE: 0.29326479427888924 FDE: 0.6010319976521039
Best of 20: Epoch 10 ADE: 0.2556062364577472 FDE: 0.46472243917153094
Best of 20: Epoch 11 ADE: 0.27783159064353913 FDE: 0.550692595305085
Best of 20: Epoch 12 ADE: 0.2716985843558678 FDE: 0.5347330238710927
Best of 20: Epoch 13 ADE: 0.2516498531956987 FDE: 0.481086150328705
Best of 20: Epoch 14 ADE: 0.25898516649532566 FDE: 0.5428012778620255
Best of 20: Epoch 15 ADE: 0.24946141446076336 FDE: 0.4831185317150684
Best of 20: Epoch 16 ADE: 0.2385447632854586 FDE: 0.46832835355529384
Best of 20: Epoch 17 ADE: 0.25297067141726687 FDE: 0.5103273855103869
Best of 20: Epoch 18 ADE: 0.25585792054216566 FDE: 0.4971715001881663
Best of 20: Epoch 19 ADE: 0.260337277059211 FDE: 0.5210863356100613
Best of 20: Epoch 20 ADE: 0.24782153919858627 FDE: 0.5073802144418212
Best of 20: Epoch 21 ADE: 0.41638667786886296 FDE: 0.7746141735893368
Best of 20: Epoch 22 ADE: 0.260660788583174 FDE: 0.4919940820315804
Best of 20: Epoch 23 ADE: 0.2580316815624367 FDE: 0.5325471650351561
Best of 20: Epoch 24 ADE: 0.2760819514816218 FDE: 0.5866503264240922
Best of 20: Epoch 25 ADE: 0.2584154859566515 FDE: 0.5355985997225894
Best of 20: Epoch 26 ADE: 0.23925734159898907 FDE: 0.4889069454278806
Best of 20: Epoch 27 ADE: 0.25495185766742856 FDE: 0.5345107682328155
Best of 20: Epoch 28 ADE: 0.24818312504097514 FDE: 0.4989599975580889
Best of 20: Epoch 29 ADE: 0.23050164551137503 FDE: 0.47167126804223053
Best of 20: Epoch 30 ADE: 0.2454156064494318 FDE: 0.5020311356712546
Best of 20: Epoch 31 ADE: 0.24076492103414124 FDE: 0.4996572379939494
Best of 20: Epoch 32 ADE: 0.23293418758321638 FDE: 0.4712132164684143
Best of 20: Epoch 33 ADE: 0.25977533570677197 FDE: 0.5124368785022985
Best of 20: Epoch 34 ADE: 0.24147723341375135 FDE: 0.4887301675432562
Best of 20: Epoch 35 ADE: 0.25131769989212294 FDE: 0.4633918698432483
Best of 20: Epoch 36 ADE: 0.24707272620591253 FDE: 0.5103367496076501
Best of 20: Epoch 37 ADE: 0.23724313462213575 FDE: 0.49056574614240206
Best of 20: Epoch 38 ADE: 0.2454955203352441 FDE: 0.5043343720939518
Best of 20: Epoch 39 ADE: 0.23313513138876693 FDE: 0.4902917496749827
Best of 20: Epoch 40 ADE: 0.23368312135471137 FDE: 0.46795783116373785
Best of 20: Epoch 41 ADE: 0.25724751352196995 FDE: 0.48753531491528346
Best of 20: Epoch 42 ADE: 0.22348194396230875 FDE: 0.4497522534170773
Best of 20: Epoch 43 ADE: 0.22888863568409484 FDE: 0.4649192116669161
Best of 20: Epoch 44 ADE: 0.23035107276876363 FDE: 0.4632882088808087
Best of 20: Epoch 45 ADE: 0.23360763223830244 FDE: 0.47781166721725576
Best of 20: Epoch 46 ADE: 0.27119116381590574 FDE: 0.5634104540638963
Best of 20: Epoch 47 ADE: 0.24650200586833088 FDE: 0.5316624025732959
Best of 20: Epoch 48 ADE: 0.23422996967740062 FDE: 0.47073701783151123
Best of 20: Epoch 49 ADE: 0.253446781556354 FDE: 0.5495862933360967
Best of 20: Epoch 50 ADE: 0.22851692503061719 FDE: 0.456456618017468
Best of 20: Epoch 51 ADE: 0.2296728509084826 FDE: 0.46291681855907374
Best of 20: Epoch 52 ADE: 0.22942107290162453 FDE: 0.46082137666552336
Best of 20: Epoch 53 ADE: 0.22752639982707415 FDE: 0.47255162421588554
Best of 20: Epoch 54 ADE: 0.24054456353347148 FDE: 0.46830248163044064
Best of 20: Epoch 55 ADE: 0.2493989139489605 FDE: 0.49388921496859073
Best of 20: Epoch 56 ADE: 0.24598707604047515 FDE: 0.5230429188993647
Best of 20: Epoch 57 ADE: 0.23106519445773568 FDE: 0.48374691453370705
Best of 20: Epoch 58 ADE: 0.23231820782709464 FDE: 0.4798615726590574
Best of 20: Epoch 59 ADE: 0.23010078870967424 FDE: 0.45788139024147767
Best of 20: Epoch 60 ADE: 0.2250973624679274 FDE: 0.4658731579057617
Best of 20: Epoch 61 ADE: 0.23180142851073537 FDE: 0.47560189959259874
Best of 20: Epoch 62 ADE: 0.2374417084535114 FDE: 0.4959498864007124
Best of 20: Epoch 63 ADE: 0.22744965615405438 FDE: 0.46364179366523733
Best of 20: Epoch 64 ADE: 0.22575352914347005 FDE: 0.4680834616472392
Best of 20: Epoch 65 ADE: 0.22328624845414935 FDE: 0.4597425092976534
Best of 20: Epoch 66 ADE: 0.23699076295362947 FDE: 0.5122739300560765
Best of 20: Epoch 67 ADE: 0.23608197201349385 FDE: 0.4866156475339463
Best of 20: Epoch 68 ADE: 0.21708916526000774 FDE: 0.4286516810461477
Best of 20: Epoch 69 ADE: 0.23365535957724676 FDE: 0.4842980768483571
Best of 20: Epoch 70 ADE: 0.22155872767038562 FDE: 0.4595134479235344
Best of 20: Epoch 71 ADE: 0.23099451115006672 FDE: 0.49024275451174615
Best of 20: Epoch 72 ADE: 0.22970346146593756 FDE: 0.46596082783737985
Best of 20: Epoch 73 ADE: 0.22097604866430548 FDE: 0.4426769456411983
Best of 20: Epoch 74 ADE: 0.22421650607091012 FDE: 0.4549597345056668
Best of 20: Epoch 75 ADE: 0.22432144425433828 FDE: 0.44629712680170835
Best of 20: Epoch 76 ADE: 0.22130967989645803 FDE: 0.43833738327103366
Best of 20: Epoch 77 ADE: 0.22765582795245673 FDE: 0.466185546180609
Best of 20: Epoch 78 ADE: 0.23707369788845725 FDE: 0.4912792701412408
Best of 20: Epoch 79 ADE: 0.23094993790889895 FDE: 0.4680477523754136
Best of 20: Epoch 80 ADE: 0.22495026427193837 FDE: 0.46832119657520555
Best of 20: Epoch 81 ADE: 0.24313437710447766 FDE: 0.4964070492778993
Best of 20: Epoch 82 ADE: 0.22423434755272445 FDE: 0.4576206454310327
Best of 20: Epoch 83 ADE: 0.24467015488531246 FDE: 0.5198709147256437
Best of 20: Epoch 84 ADE: 0.24228365399499524 FDE: 0.5324640249906251
Best of 20: Epoch 85 ADE: 0.22665413816340033 FDE: 0.4338751334391965
Best of 20: Epoch 86 ADE: 0.22798281461339806 FDE: 0.46537879014537864
Best of 20: Epoch 87 ADE: 0.2262033318581668 FDE: 0.45871269681959187
Best of 20: Epoch 88 ADE: 0.22507331129883543 FDE: 0.4590411106363033
Best of 20: Epoch 89 ADE: 0.23950707117397374 FDE: 0.49067105463644917
Best of 20: Epoch 90 ADE: 0.23412180966595691 FDE: 0.48001682527063116
