Config:
{'lr': 0.0005, 'data_dir': 'processed_data', 'diffnet': 'TransformerConcatLinear', 'encoder_dim': 256, 'tf_layer': 3, 'epochs': 90, 'batch_size': 256, 'eval_batch_size': 256, 'k_eval': 25, 'seed': 123, 'eval_every': 1, 'eval_at': 70, 'eval_mode': False, 'conf': 'None', 'debug': False, 'preprocess_workers': 0, 'offline_scene_graph': True, 'dynamic_edges': True, 'edge_state_combine_method': 'sum', 'edge_influence_combine_method': 'attention', 'edge_addition_filter': [0.25, 0.5, 0.75, 1.0], 'edge_removal_filter': [1.0, 0.0], 'override_attention_radius': [], 'incl_robot_node': False, 'map_encoding': False, 'augment': True, 'node_freq_mult_train': False, 'node_freq_mult_eval': False, 'scene_freq_mult_train': False, 'scene_freq_mult_eval': False, 'scene_freq_mult_viz': False, 'no_edge_encoding': False, 'device': 'cuda:3', 'eval_device': 'None', 'config': 'configs/baseline.yaml', 'exp_name': 'baseline1', 'dataset': 'zara2'}


Eval on:
zara2


Best of 20: Epoch 1 ADE: 0.32562034959852076 FDE: 0.5584980904747558
Best of 20: Epoch 2 ADE: 0.2317877010249701 FDE: 0.41736983349691614
Best of 20: Epoch 3 ADE: 0.22252254376584268 FDE: 0.40662762106859035
Best of 20: Epoch 4 ADE: 0.20722776037394916 FDE: 0.3846978608194831
Best of 20: Epoch 5 ADE: 0.21576707417662233 FDE: 0.4090162546917331
Best of 20: Epoch 6 ADE: 0.1901950963951094 FDE: 0.35184134362262476
Best of 20: Epoch 7 ADE: 0.20253718920218317 FDE: 0.3758065779140755
Best of 20: Epoch 8 ADE: 0.21094288085926535 FDE: 0.3912154148519347
Best of 20: Epoch 9 ADE: 0.21495979152025854 FDE: 0.39568776405227574
Best of 20: Epoch 10 ADE: 0.20787340105983826 FDE: 0.3896464443366274
Best of 20: Epoch 11 ADE: 0.18688009915744785 FDE: 0.35145669403574614
Best of 20: Epoch 12 ADE: 0.19220388919543155 FDE: 0.3606374864406179
Best of 20: Epoch 13 ADE: 0.17440143710433387 FDE: 0.32338569524644184
Best of 20: Epoch 14 ADE: 0.18194546559180513 FDE: 0.3536988171681142
Best of 20: Epoch 15 ADE: 0.17185359323007204 FDE: 0.3310794462466949
Best of 20: Epoch 16 ADE: 0.18394166990317148 FDE: 0.35404788519416075
Best of 20: Epoch 17 ADE: 0.20033387502085756 FDE: 0.40816007963656525
Best of 20: Epoch 18 ADE: 0.18701247641356886 FDE: 0.33381009927145755
Best of 20: Epoch 19 ADE: 0.1705789586491184 FDE: 0.3358414964530058
Best of 20: Epoch 20 ADE: 0.17300103327636737 FDE: 0.3415599645278648
Best of 20: Epoch 21 ADE: 0.17520851257319 FDE: 0.34168250563102415
Best of 20: Epoch 22 ADE: 0.17322711563276255 FDE: 0.3257461057051091
Best of 20: Epoch 23 ADE: 0.17334258470438085 FDE: 0.32460630143995023
Best of 20: Epoch 24 ADE: 0.17048793963645167 FDE: 0.3334746450507389
Best of 20: Epoch 25 ADE: 0.18066856100049783 FDE: 0.36137834983417266
Best of 20: Epoch 26 ADE: 0.1724910249551201 FDE: 0.3365214115291565
Best of 20: Epoch 27 ADE: 0.16010410189449287 FDE: 0.3107123292903209
Best of 20: Epoch 28 ADE: 0.16261646376134806 FDE: 0.31306134730891766
Best of 20: Epoch 29 ADE: 0.16435384278031429 FDE: 0.30909548184420316
Best of 20: Epoch 30 ADE: 0.17216945385343782 FDE: 0.33865735555470894
Best of 20: Epoch 31 ADE: 0.15530323775215973 FDE: 0.3051626476642535
Best of 20: Epoch 32 ADE: 0.1659193087243614 FDE: 0.3099968622248931
Best of 20: Epoch 33 ADE: 0.1667850495301553 FDE: 0.3366914690037674
Best of 20: Epoch 34 ADE: 0.16110420370409545 FDE: 0.30380256384334403
Best of 20: Epoch 35 ADE: 0.15477870133578286 FDE: 0.30598406157158914
Best of 20: Epoch 36 ADE: 0.15705572505757304 FDE: 0.29799332536870715
Best of 20: Epoch 37 ADE: 0.16626252464176408 FDE: 0.3184007512947373
Best of 20: Epoch 38 ADE: 0.15518139856720928 FDE: 0.30194858301065436
Best of 20: Epoch 39 ADE: 0.16906838390479423 FDE: 0.33378805455719013
Best of 20: Epoch 40 ADE: 0.15875451228513787 FDE: 0.3033758385976496
Best of 20: Epoch 41 ADE: 0.1580139055017302 FDE: 0.30846475838015214
Best of 20: Epoch 42 ADE: 0.14671645997663568 FDE: 0.287782183368599
Best of 20: Epoch 43 ADE: 0.157228374256076 FDE: 0.3031714495217661
Best of 20: Epoch 44 ADE: 0.14824549582676644 FDE: 0.289231519970589
Best of 20: Epoch 45 ADE: 0.1526213205269616 FDE: 0.2929861996982749
Best of 20: Epoch 46 ADE: 0.14770961924539724 FDE: 0.2872299378645629
Best of 20: Epoch 47 ADE: 0.15292545110476757 FDE: 0.30033076961150523
Best of 20: Epoch 48 ADE: 0.1512547907289388 FDE: 0.2996878110616127
Best of 20: Epoch 49 ADE: 0.15221710964348403 FDE: 0.29076814879214696
Best of 20: Epoch 50 ADE: 0.14254876579878348 FDE: 0.2874155364762921
Best of 20: Epoch 51 ADE: 0.1617032601879806 FDE: 0.32546283182789626
Best of 20: Epoch 52 ADE: 0.1550441015926004 FDE: 0.30967038916152506
Best of 20: Epoch 53 ADE: 0.1491441810760759 FDE: 0.29237503633547535
Best of 20: Epoch 54 ADE: 0.16310683066669715 FDE: 0.31523023342992046
Best of 20: Epoch 55 ADE: 0.16096081950930774 FDE: 0.31773099586658
Best of 20: Epoch 56 ADE: 0.15273785323453856 FDE: 0.3068154553943228
Best of 20: Epoch 57 ADE: 0.16089490170582835 FDE: 0.31055900426554134
Best of 20: Epoch 58 ADE: 0.1603751953247798 FDE: 0.3034206832281455
Best of 20: Epoch 59 ADE: 0.14817746940078919 FDE: 0.2853777137855258
Best of 20: Epoch 60 ADE: 0.14867401416174397 FDE: 0.2971116863266727
Best of 20: Epoch 61 ADE: 0.15433388497341627 FDE: 0.30527897484383587
Best of 20: Epoch 62 ADE: 0.1504965453336035 FDE: 0.2897823792102368
Best of 20: Epoch 63 ADE: 0.14671606578287977 FDE: 0.29440469143334425
Best of 20: Epoch 64 ADE: 0.15662481763211425 FDE: 0.296146250313169
Best of 20: Epoch 65 ADE: 0.14952339185338664 FDE: 0.28777342345183876
Best of 20: Epoch 66 ADE: 0.15003480341556769 FDE: 0.2945085427988275
Best of 20: Epoch 67 ADE: 0.15589830130811125 FDE: 0.3058158783954296
Best of 20: Epoch 68 ADE: 0.14241234928650376 FDE: 0.2729407573731915
Best of 20: Epoch 69 ADE: 0.1496658927416122 FDE: 0.29301515401266254
Best of 20: Epoch 70 ADE: 0.15355570241237865 FDE: 0.30826409272939304
Best of 20: Epoch 71 ADE: 0.15389990423866837 FDE: 0.31330521914994885
Best of 20: Epoch 72 ADE: 0.14207447532453865 FDE: 0.2878143322147633
Best of 20: Epoch 73 ADE: 0.14188562445123803 FDE: 0.2741481677996679
Best of 20: Epoch 74 ADE: 0.1475716467592006 FDE: 0.2886470553259275
Best of 20: Epoch 75 ADE: 0.16285619475343277 FDE: 0.3263780132554646
Best of 20: Epoch 76 ADE: 0.14307230335471724 FDE: 0.2935808055090446
Best of 20: Epoch 77 ADE: 0.16151387685642027 FDE: 0.3108015452805654
Best of 20: Epoch 78 ADE: 0.14250167205124722 FDE: 0.28307255603561743
Best of 20: Epoch 79 ADE: 0.1555714188790354 FDE: 0.3034689463554554
Best of 20: Epoch 80 ADE: 0.13804828497981214 FDE: 0.27157999088029317
Best of 20: Epoch 81 ADE: 0.1451630704197112 FDE: 0.28659579295986715
Best of 20: Epoch 82 ADE: 0.14957429838527936 FDE: 0.2925315447814268
Best of 20: Epoch 83 ADE: 0.14033884122278314 FDE: 0.27760721005973826
Best of 20: Epoch 84 ADE: 0.14655145190095245 FDE: 0.2997791543358392
Best of 20: Epoch 85 ADE: 0.1564575348570506 FDE: 0.3038728443367707
Best of 20: Epoch 86 ADE: 0.1493138436365143 FDE: 0.3012249635804128
Best of 20: Epoch 87 ADE: 0.14136392702695647 FDE: 0.281961367996644
Best of 20: Epoch 88 ADE: 0.1463885926798907 FDE: 0.28693243246352573
Best of 20: Epoch 89 ADE: 0.1504158768297722 FDE: 0.29548385400000127
Best of 20: Epoch 90 ADE: 0.14974827111008832 FDE: 0.29321068154392255
