Config:
{'lr': 0.0005, 'data_dir': 'processed_data', 'diffnet': 'TransformerConcatLinear', 'encoder_dim': 256, 'tf_layer': 3, 'epochs': 90, 'batch_size': 256, 'eval_batch_size': 256, 'k_eval': 25, 'seed': 123, 'eval_every': 1, 'eval_at': 70, 'eval_mode': False, 'conf': 'None', 'debug': False, 'preprocess_workers': 0, 'offline_scene_graph': True, 'dynamic_edges': True, 'edge_state_combine_method': 'sum', 'edge_influence_combine_method': 'attention', 'edge_addition_filter': [0.25, 0.5, 0.75, 1.0], 'edge_removal_filter': [1.0, 0.0], 'override_attention_radius': [], 'incl_robot_node': False, 'map_encoding': False, 'augment': True, 'node_freq_mult_train': False, 'node_freq_mult_eval': False, 'scene_freq_mult_train': False, 'scene_freq_mult_eval': False, 'scene_freq_mult_viz': False, 'no_edge_encoding': False, 'device': 'cuda:2', 'eval_device': 'None', 'config': 'configs/baseline.yaml', 'exp_name': 'baseline', 'dataset': 'zara1'}


Eval on:
zara1


Best of 20: Epoch 1 ADE: 0.3411497672869099 FDE: 0.569498137314229
Best of 20: Epoch 2 ADE: 0.3039937804122967 FDE: 0.5412355046934267
Best of 20: Epoch 3 ADE: 0.29896950096074293 FDE: 0.5663116071201082
Best of 20: Epoch 4 ADE: 0.2865502417846944 FDE: 0.5294596592585681
Best of 20: Epoch 5 ADE: 0.3299730648996232 FDE: 0.6212355107001389
Best of 20: Epoch 6 ADE: 0.23880112630154457 FDE: 0.4616792372220669
Best of 20: Epoch 7 ADE: 0.34638169466836977 FDE: 0.6833881139737582
Best of 20: Epoch 8 ADE: 0.23203553839866425 FDE: 0.4379491663940057
Best of 20: Epoch 9 ADE: 0.26825793536065856 FDE: 0.5199282199108344
Best of 20: Epoch 10 ADE: 0.2229833096787447 FDE: 0.40821964516518694
Best of 20: Epoch 11 ADE: 0.25921209514931487 FDE: 0.5135039365093167
Best of 20: Epoch 12 ADE: 0.2416885608912618 FDE: 0.47481960017908137
Best of 20: Epoch 13 ADE: 0.2349890017606621 FDE: 0.4333985792809985
Best of 20: Epoch 14 ADE: 0.21377946514394197 FDE: 0.3999559196067528
Best of 20: Epoch 15 ADE: 0.2269844061152953 FDE: 0.42429406966669064
Best of 20: Epoch 16 ADE: 0.22767553507656635 FDE: 0.4433883609005854
Best of 20: Epoch 17 ADE: 0.2354074570385384 FDE: 0.4457879816015251
Best of 20: Epoch 18 ADE: 0.24040881681365014 FDE: 0.48131792264630285
Best of 20: Epoch 19 ADE: 0.2286702130184744 FDE: 0.42036949712099314
Best of 20: Epoch 20 ADE: 0.22053118303942507 FDE: 0.424845587643707
Best of 20: Epoch 21 ADE: 0.2348777846546504 FDE: 0.45007011149968085
Best of 20: Epoch 22 ADE: 0.21629444754442287 FDE: 0.4135243770270805
Best of 20: Epoch 23 ADE: 0.2283134187358969 FDE: 0.45459819312123145
Best of 20: Epoch 24 ADE: 0.21905857343578178 FDE: 0.41257172882977416
Best of 20: Epoch 25 ADE: 0.214771218475916 FDE: 0.4056580560305173
Best of 20: Epoch 26 ADE: 0.20736629985384655 FDE: 0.41111525616526967
Best of 20: Epoch 27 ADE: 0.19444644660221078 FDE: 0.37881813328944985
Best of 20: Epoch 28 ADE: 0.21268442155790154 FDE: 0.4100522050307978
Best of 20: Epoch 29 ADE: 0.21374564822909176 FDE: 0.4030492713449551
Best of 20: Epoch 30 ADE: 0.2028959312362459 FDE: 0.3794832820909233
Best of 20: Epoch 31 ADE: 0.22242083486647124 FDE: 0.41543139576024773
Best of 20: Epoch 32 ADE: 0.19850660621975305 FDE: 0.3862461722997273
Best of 20: Epoch 33 ADE: 0.21192575908520714 FDE: 0.403511831262261
Best of 20: Epoch 34 ADE: 0.21260443636169127 FDE: 0.4050207661750977
Best of 20: Epoch 35 ADE: 0.19874502132043986 FDE: 0.389554649127857
Best of 20: Epoch 36 ADE: 0.22530774620612262 FDE: 0.4398246546542972
Best of 20: Epoch 37 ADE: 0.2143513578757194 FDE: 0.4176419336273122
Best of 20: Epoch 38 ADE: 0.20814700902730768 FDE: 0.3859079238056965
Best of 20: Epoch 39 ADE: 0.22141396053864493 FDE: 0.39603997376302963
Best of 20: Epoch 40 ADE: 0.19659608186714334 FDE: 0.3759676878437188
Best of 20: Epoch 41 ADE: 0.19831547801956584 FDE: 0.36966606539223734
Best of 20: Epoch 42 ADE: 0.20174901325769762 FDE: 0.3899197948351718
Best of 20: Epoch 43 ADE: 0.22254744426948828 FDE: 0.4280087200823164
Best of 20: Epoch 44 ADE: 0.20060738589725746 FDE: 0.3894051786882727
Best of 20: Epoch 45 ADE: 0.20178864476892652 FDE: 0.3702321666358315
Best of 20: Epoch 46 ADE: 0.2042747242344144 FDE: 0.39594719041135773
Best of 20: Epoch 47 ADE: 0.19372027716173196 FDE: 0.3777296624436228
Best of 20: Epoch 48 ADE: 0.19461753280401162 FDE: 0.36030482095026894
Best of 20: Epoch 49 ADE: 0.2028552725401421 FDE: 0.3796137218444539
Best of 20: Epoch 50 ADE: 0.22568770086248402 FDE: 0.4299813885658238
Best of 20: Epoch 51 ADE: 0.21687134638849087 FDE: 0.4194935778395985
Best of 20: Epoch 52 ADE: 0.21982659867956417 FDE: 0.4101925794125202
Best of 20: Epoch 53 ADE: 0.2021656812657551 FDE: 0.3983533615376876
Best of 20: Epoch 54 ADE: 0.22932774872919237 FDE: 0.4570563378454344
Best of 20: Epoch 55 ADE: 0.23984116224907642 FDE: 0.4517300080354395
Best of 20: Epoch 56 ADE: 0.19875862766684424 FDE: 0.3761776341748589
Best of 20: Epoch 57 ADE: 0.20075434937241513 FDE: 0.3905794700086895
Best of 20: Epoch 58 ADE: 0.19991171573332714 FDE: 0.3810998806501895
Best of 20: Epoch 59 ADE: 0.21746041057965051 FDE: 0.41380609809321445
Best of 20: Epoch 60 ADE: 0.18849690404964917 FDE: 0.3572757330854701
Best of 20: Epoch 61 ADE: 0.19848216672742508 FDE: 0.3705152608584861
Best of 20: Epoch 62 ADE: 0.19846371939272744 FDE: 0.3904877248634635
Best of 20: Epoch 63 ADE: 0.1923383579780692 FDE: 0.35609424468761597
Best of 20: Epoch 64 ADE: 0.19858871637359754 FDE: 0.3605118728967781
Best of 20: Epoch 65 ADE: 0.2071955936565893 FDE: 0.40436555533253654
Best of 20: Epoch 66 ADE: 0.19657500373631187 FDE: 0.37524160514297716
Best of 20: Epoch 67 ADE: 0.19795322798200005 FDE: 0.3759227759471705
Best of 20: Epoch 68 ADE: 0.20133449870190673 FDE: 0.3886329669567146
Best of 20: Epoch 69 ADE: 0.20172498754569446 FDE: 0.37876548295595164
Best of 20: Epoch 70 ADE: 0.20046380378381987 FDE: 0.39813681966784825
Best of 20: Epoch 71 ADE: 0.1931623519758933 FDE: 0.3640239939598242
Best of 20: Epoch 72 ADE: 0.2008870947271427 FDE: 0.3687431348011366
Best of 20: Epoch 73 ADE: 0.1992985501500092 FDE: 0.378779608107151
Best of 20: Epoch 74 ADE: 0.20036290622752204 FDE: 0.3847689864501321
Best of 20: Epoch 75 ADE: 0.2030641644690893 FDE: 0.3635495678610754
Best of 20: Epoch 76 ADE: 0.19684416343323122 FDE: 0.3866301445477933
Best of 20: Epoch 77 ADE: 0.1977073581145537 FDE: 0.3799002508209419
Best of 20: Epoch 78 ADE: 0.19447509499030394 FDE: 0.364022561934378
Best of 20: Epoch 79 ADE: 0.20194412862804895 FDE: 0.376189723890847
Best of 20: Epoch 80 ADE: 0.20504087943582752 FDE: 0.3845606243566268
Best of 20: Epoch 81 ADE: 0.19489881060135825 FDE: 0.37164787342832467
Best of 20: Epoch 82 ADE: 0.19406436705621816 FDE: 0.3679530911472621
Best of 20: Epoch 83 ADE: 0.20597281936764084 FDE: 0.3910175885112315
Best of 20: Epoch 84 ADE: 0.20440510639605433 FDE: 0.38551316261713686
Best of 20: Epoch 85 ADE: 0.20155195079810467 FDE: 0.3792296780540678
Best of 20: Epoch 86 ADE: 0.19928113371040054 FDE: 0.38530656653118095
Best of 20: Epoch 87 ADE: 0.19824818367540376 FDE: 0.3799687132855307
Best of 20: Epoch 88 ADE: 0.18348767639958424 FDE: 0.35231404349520773
Best of 20: Epoch 89 ADE: 0.1949817878112672 FDE: 0.3740582498653235
Best of 20: Epoch 90 ADE: 0.1906246028361643 FDE: 0.3683325405121011
